Using pre-set license
Built from '2022.3/staging' branch; Version is '2022.3.46f1 (8e9b8558c41a) revision 9345925'; Using compiler version '192829333'; Build Type 'Release'
OS: 'Windows 11  (10.0.22631) 64bit Professional' Language: 'zh' Physical Memory: 32377 MB
BatchMode: 1, IsHumanControllingUs: 0, StartBugReporterOnCrash: 0, Is64bit: 1, IsPro: 1

COMMAND LINE ARGUMENTS:
E:\Program Files\Unity3D\Editor\2022.3.46f1\Editor\Unity.exe
-adb2
-batchMode
-noUpm
-name
AssetImportWorker1
-projectPath
E:/Jalon/ECVR
-logFile
Logs/AssetImportWorker1.log
-srvPort
56895
Successfully changed project path to: E:/Jalon/ECVR
E:/Jalon/ECVR
[UnityMemory] Configuration Parameters - Can be set up in boot.config
    "memorysetup-bucket-allocator-granularity=16"
    "memorysetup-bucket-allocator-bucket-count=8"
    "memorysetup-bucket-allocator-block-size=33554432"
    "memorysetup-bucket-allocator-block-count=8"
    "memorysetup-main-allocator-block-size=16777216"
    "memorysetup-thread-allocator-block-size=16777216"
    "memorysetup-gfx-main-allocator-block-size=16777216"
    "memorysetup-gfx-thread-allocator-block-size=16777216"
    "memorysetup-cache-allocator-block-size=4194304"
    "memorysetup-typetree-allocator-block-size=2097152"
    "memorysetup-profiler-bucket-allocator-granularity=16"
    "memorysetup-profiler-bucket-allocator-bucket-count=8"
    "memorysetup-profiler-bucket-allocator-block-size=33554432"
    "memorysetup-profiler-bucket-allocator-block-count=8"
    "memorysetup-profiler-allocator-block-size=16777216"
    "memorysetup-profiler-editor-allocator-block-size=1048576"
    "memorysetup-temp-allocator-size-main=16777216"
    "memorysetup-job-temp-allocator-block-size=2097152"
    "memorysetup-job-temp-allocator-block-size-background=1048576"
    "memorysetup-job-temp-allocator-reduction-small-platforms=262144"
    "memorysetup-allocator-temp-initial-block-size-main=262144"
    "memorysetup-allocator-temp-initial-block-size-worker=262144"
    "memorysetup-temp-allocator-size-background-worker=32768"
    "memorysetup-temp-allocator-size-job-worker=262144"
    "memorysetup-temp-allocator-size-preload-manager=33554432"
    "memorysetup-temp-allocator-size-nav-mesh-worker=65536"
    "memorysetup-temp-allocator-size-audio-worker=65536"
    "memorysetup-temp-allocator-size-cloud-worker=32768"
    "memorysetup-temp-allocator-size-gi-baking-worker=262144"
    "memorysetup-temp-allocator-size-gfx=262144"
Player connection [59156]  Target information:

Player connection [59156]  * "[IP] 172.21.0.1 [Port] 0 [Flags] 2 [Guid] 3326145360 [EditorId] 3326145360 [Version] 1048832 [Id] WindowsEditor(7,Rocket) [Debug] 1 [PackageName] WindowsEditor [ProjectName] Editor" 

Player connection [59156]  * "[IP] 172.31.208.1 [Port] 0 [Flags] 2 [Guid] 3326145360 [EditorId] 3326145360 [Version] 1048832 [Id] WindowsEditor(7,Rocket) [Debug] 1 [PackageName] WindowsEditor [ProjectName] Editor" 

Player connection [59156]  * "[IP] 192.168.0.102 [Port] 0 [Flags] 2 [Guid] 3326145360 [EditorId] 3326145360 [Version] 1048832 [Id] WindowsEditor(7,Rocket) [Debug] 1 [PackageName] WindowsEditor [ProjectName] Editor" 

Player connection [59156] Host joined multi-casting on [225.0.0.222:54997]...
Player connection [59156] Host joined alternative multi-casting on [225.0.0.222:34997]...
[PhysX] Initialized MultithreadedTaskDispatcher with 32 workers.
Refreshing native plugins compatible for Editor in 62.42 ms, found 15 plugins.
Preloading 1 native plugins for Editor in 1.25 ms.
Initialize engine version: 2022.3.46f1 (8e9b8558c41a)
[Subsystems] Discovering subsystems at path E:/Program Files/Unity3D/Editor/2022.3.46f1/Editor/Data/Resources/UnitySubsystems
[Subsystems] Discovering subsystems at path E:/Jalon/ECVR/Assets
GfxDevice: creating device client; threaded=0; jobified=0
Direct3D:
    Version:  Direct3D 11.0 [level 11.1]
    Renderer: NVIDIA GeForce RTX 4090 Laptop GPU (ID=0x2757)
    Vendor:   NVIDIA
    VRAM:     16050 MB
    Driver:   32.0.15.6614
Initialize mono
Mono path[0] = 'E:/Program Files/Unity3D/Editor/2022.3.46f1/Editor/Data/Managed'
Mono path[1] = 'E:/Program Files/Unity3D/Editor/2022.3.46f1/Editor/Data/MonoBleedingEdge/lib/mono/unityjit-win32'
Mono config path = 'E:/Program Files/Unity3D/Editor/2022.3.46f1/Editor/Data/MonoBleedingEdge/etc'
Using monoOptions --debugger-agent=transport=dt_socket,embedding=1,server=y,suspend=n,address=127.0.0.1:56760
Begin MonoManager ReloadAssembly
Registering precompiled unity dll's ...
Register platform support module: E:/Program Files/Unity3D/Editor/2022.3.46f1/Editor/Data/PlaybackEngines/WebGLSupport/UnityEditor.WebGL.Extensions.dll
Register platform support module: E:/Program Files/Unity3D/Editor/2022.3.46f1/Editor/Data/PlaybackEngines/WindowsStandaloneSupport/UnityEditor.WindowsStandalone.Extensions.dll
Registered in 0.018053 seconds.
- Loaded All Assemblies, in  0.419 seconds
Native extension for WindowsStandalone target not found
Native extension for WebGL target not found
Mono: successfully reloaded assembly
- Finished resetting the current domain, in  0.246 seconds
Domain Reload Profiling: 660ms
	BeginReloadAssembly (163ms)
		ExecutionOrderSort (0ms)
		DisableScriptedObjects (0ms)
		BackupInstance (0ms)
		ReleaseScriptingObjects (0ms)
		CreateAndSetChildDomain (1ms)
	RebuildCommonClasses (41ms)
	RebuildNativeTypeToScriptingClass (9ms)
	initialDomainReloadingComplete (72ms)
	LoadAllAssembliesAndSetupDomain (130ms)
		LoadAssemblies (157ms)
		RebuildTransferFunctionScriptingTraits (0ms)
		AnalyzeDomain (127ms)
			TypeCache.Refresh (125ms)
				TypeCache.ScanAssembly (114ms)
			ScanForSourceGeneratedMonoScriptInfo (1ms)
			ResolveRequiredComponents (0ms)
	FinalizeReload (246ms)
		ReleaseScriptCaches (0ms)
		RebuildScriptCaches (0ms)
		SetupLoadedEditorAssemblies (205ms)
			LogAssemblyErrors (0ms)
			InitializePlatformSupportModulesInManaged (15ms)
			SetLoadedEditorAssemblies (5ms)
			RefreshPlugins (0ms)
			BeforeProcessingInitializeOnLoad (2ms)
			ProcessInitializeOnLoadAttributes (135ms)
			ProcessInitializeOnLoadMethodAttributes (48ms)
			AfterProcessingInitializeOnLoad (0ms)
			EditorAssembliesLoaded (0ms)
		ExecutionOrderSort2 (0ms)
		AwakeInstancesAfterBackupRestoration (0ms)
========================================================================
Worker process is ready to serve import requests
Caller must complete domain reload
Begin MonoManager ReloadAssembly
- Loaded All Assemblies, in  1.413 seconds
Native extension for WindowsStandalone target not found
Native extension for WebGL target not found
Package Manager log level set to [2]
[Package Manager] Server::EnsureServerProcessIsRunning -- launch failed, reason: Unity was launched with the -noUpm command-line argument
[Package Manager] UpmClient::Send -- Unable to send message (not connected to UPM process).
[Package Manager] Cannot connect to Unity Package Manager local server
[Package Manager] Server::EnsureServerProcessIsRunning -- launch failed, reason: Unity was launched with the -noUpm command-line argument
[Package Manager] UpmClient::Send -- Unable to send message (not connected to UPM process).
[Package Manager] Cannot connect to Unity Package Manager local server
System.Reflection.TargetInvocationException: Exception has been thrown by the target of an invocation. ---> System.NullReferenceException: Object reference not set to an instance of an object
  at Unity.XR.Oculus.OculusLoader.AssetPathToAbsolutePath (System.String assetPath) [0x00041] in .\Library\PackageCache\com.unity.xr.oculus@4.2.0\Runtime\OculusLoader.cs:298 
  at Unity.XR.Oculus.OculusLoader.EditorLoadOVRPlugin () [0x000dd] in .\Library\PackageCache\com.unity.xr.oculus@4.2.0\Runtime\OculusLoader.cs:283 
  at (wrapper managed-to-native) System.Reflection.RuntimeMethodInfo.InternalInvoke(System.Reflection.RuntimeMethodInfo,object,object[],System.Exception&)
  at System.Reflection.RuntimeMethodInfo.Invoke (System.Object obj, System.Reflection.BindingFlags invokeAttr, System.Reflection.Binder binder, System.Object[] parameters, System.Globalization.CultureInfo culture) [0x0006a] in <8ce0bd04a7a04b4b9395538239d3fdd8>:0 
   --- End of inner exception stack trace ---
  at System.Reflection.RuntimeMethodInfo.Invoke (System.Object obj, System.Reflection.BindingFlags invokeAttr, System.Reflection.Binder binder, System.Object[] parameters, System.Globalization.CultureInfo culture) [0x00083] in <8ce0bd04a7a04b4b9395538239d3fdd8>:0 
  at System.Reflection.MethodBase.Invoke (System.Object obj, System.Object[] parameters) [0x00000] in <8ce0bd04a7a04b4b9395538239d3fdd8>:0 
  at UnityEditor.EditorAssemblies.ProcessInitializeOnLoadMethodAttributes () [0x000a5] in <e0a2c8363ef54a6393fed120beebdb7a>:0 
UnityEngine.StackTraceUtility:ExtractStackTrace ()
UnityEngine.DebugLogHandler:LogFormat (UnityEngine.LogType,UnityEngine.Object,string,object[])
UnityEngine.Logger:Log (UnityEngine.LogType,object)
UnityEngine.Debug:LogError (object)
UnityEditor.EditorAssemblies:ProcessInitializeOnLoadMethodAttributes ()

Mono: successfully reloaded assembly
[Package Manager] Server::EnsureServerProcessIsRunning -- launch failed, reason: Unity was launched with the -noUpm command-line argument
[Package Manager] UpmClient::Send -- Unable to send message (not connected to UPM process).
[Package Manager] Cannot connect to Unity Package Manager local server
[Package Manager] Server::EnsureServerProcessIsRunning -- launch failed, reason: Unity was launched with the -noUpm command-line argument
[Package Manager] UpmClient::Send -- Unable to send message (not connected to UPM process).
[Package Manager] Cannot connect to Unity Package Manager local server
- Finished resetting the current domain, in  1.669 seconds
Domain Reload Profiling: 3069ms
	BeginReloadAssembly (155ms)
		ExecutionOrderSort (0ms)
		DisableScriptedObjects (4ms)
		BackupInstance (0ms)
		ReleaseScriptingObjects (0ms)
		CreateAndSetChildDomain (19ms)
	RebuildCommonClasses (30ms)
	RebuildNativeTypeToScriptingClass (8ms)
	initialDomainReloadingComplete (52ms)
	LoadAllAssembliesAndSetupDomain (1153ms)
		LoadAssemblies (890ms)
		RebuildTransferFunctionScriptingTraits (0ms)
		AnalyzeDomain (363ms)
			TypeCache.Refresh (320ms)
				TypeCache.ScanAssembly (285ms)
			ScanForSourceGeneratedMonoScriptInfo (29ms)
			ResolveRequiredComponents (10ms)
	FinalizeReload (1670ms)
		ReleaseScriptCaches (0ms)
		RebuildScriptCaches (0ms)
		SetupLoadedEditorAssemblies (1494ms)
			LogAssemblyErrors (0ms)
			InitializePlatformSupportModulesInManaged (11ms)
			SetLoadedEditorAssemblies (6ms)
			RefreshPlugins (0ms)
			BeforeProcessingInitializeOnLoad (193ms)
			ProcessInitializeOnLoadAttributes (1102ms)
			ProcessInitializeOnLoadMethodAttributes (163ms)
			AfterProcessingInitializeOnLoad (19ms)
			EditorAssembliesLoaded (0ms)
		ExecutionOrderSort2 (0ms)
		AwakeInstancesAfterBackupRestoration (9ms)
Launched and connected shader compiler UnityShaderCompiler.exe after 0.10 seconds
Refreshing native plugins compatible for Editor in 29.66 ms, found 15 plugins.
Preloading 1 native plugins for Editor in 0.08 ms.
Unloading 6860 Unused Serialized files (Serialized files now loaded: 0)
Unloading 126 unused Assets / (409.7 KB). Loaded Objects now: 7303.
Memory consumption went from 269.4 MB to 269.0 MB.
Total: 4.377000 ms (FindLiveObjects: 0.355300 ms CreateObjectMapping: 0.166900 ms MarkObjects: 3.592000 ms  DeleteObjects: 0.262000 ms)

AssetImportParameters requested are different than current active one (requested -> active):
  custom:container-demuxer-ogg: 62fdf1f143b41e24485cea50d1cbac27 -> 
  custom:framework-win-MediaFoundation: 216162199b28c13a410421893ffa2e32 -> 
  custom:container-muxer-webm: aa71ff27fc2769a1b78a27578f13a17b -> 
  custom:video-decoder-webm-vp8: 9c59270c3fd7afecdb556c50c9e8de78 -> 
  custom:SearchIndexIgnoredProperties: e643bd26f0fe6173181afceb89e7c659 -> 
  custom:AudioImporter_EditorPlatform: d09bf68614088b80899f8185d706f6e7 -> 
  custom:audio-decoder-ogg-vorbis: bf7c407c2cedff20999df2af8eb42d56 -> 
  custom:audio-encoder-webm-vorbis: bf7c407c2cedff20999df2af8eb42d56 -> 
  custom:video-codec-MediaFoundation-h265: 746d11721c4dcdbdad8f713fa42b33f4 -> 
  custom:video-decoder-ogg-theora: a1e56fd34408186e4bbccfd4996cb3dc -> 
  custom:CustomObjectIndexerAttribute: 72b91833f83ae208fae7752999fa3104 -> 
  custom:container-demuxer-webm: 4f35f7cbe854078d1ac9338744f61a02 -> 
  custom:video-encoder-webm-vp8: eb34c28f22e8b96e1ab97ce403110664 -> 
========================================================================
Received Import Request.
  Time since last request: 467377.950634 seconds.
  path: Assets/Revolve2CSharp/standards/BatchParameterFactory.cs
  artifactKey: Guid(c9e62f84b0fd3024ea6d25abf3c7eb87) Importer(815301076,1909f56bfc062723c751e8b465ee728b)
Start importing Assets/Revolve2CSharp/standards/BatchParameterFactory.cs using Guid(c9e62f84b0fd3024ea6d25abf3c7eb87) Importer(815301076,1909f56bfc062723c751e8b465ee728b) [PhysX] Initialized MultithreadedTaskDispatcher with 32 workers.
 -> (artifact id: '65d11af30a99f97e7f60f0d93b3f1edc') in 0.002695 seconds
Number of updated asset objects reloaded before import = 0
Number of asset objects unloaded after import = 0
========================================================================
Received Prepare
Caller must complete domain reload
Begin MonoManager ReloadAssembly
- Loaded All Assemblies, in  1.277 seconds
Native extension for WindowsStandalone target not found
Native extension for WebGL target not found
[Package Manager] Server::EnsureServerProcessIsRunning -- launch failed, reason: Unity was launched with the -noUpm command-line argument
[Package Manager] UpmClient::Send -- Unable to send message (not connected to UPM process).
[Package Manager] Cannot connect to Unity Package Manager local server
[Package Manager] Server::EnsureServerProcessIsRunning -- launch failed, reason: Unity was launched with the -noUpm command-line argument
[Package Manager] UpmClient::Send -- Unable to send message (not connected to UPM process).
[Package Manager] Cannot connect to Unity Package Manager local server
System.NullReferenceException: Object reference not set to an instance of an object
  at UnityEngine.XR.Interaction.Toolkit.Samples.StarterAssets.RenderPipelineValidation..cctor () [0x00010] in E:\Jalon\ECVR\Assets\Samples\XR Interaction Toolkit\3.0.3\Starter Assets\Scripts\MaterialPipelineHandler.cs:16 
UnityEngine.StackTraceUtility:ExtractStackTrace ()
UnityEngine.DebugLogHandler:LogFormat (UnityEngine.LogType,UnityEngine.Object,string,object[])
UnityEngine.Logger:Log (UnityEngine.LogType,object)
UnityEngine.Debug:LogError (object)
UnityEditor.EditorAssemblies:ProcessInitializeOnLoadAttributes (System.Type[])

System.Reflection.TargetInvocationException: Exception has been thrown by the target of an invocation. ---> System.NullReferenceException: Object reference not set to an instance of an object
  at Unity.XR.Oculus.OculusLoader.AssetPathToAbsolutePath (System.String assetPath) [0x00041] in .\Library\PackageCache\com.unity.xr.oculus@4.2.0\Runtime\OculusLoader.cs:298 
  at Unity.XR.Oculus.OculusLoader.EditorLoadOVRPlugin () [0x000dd] in .\Library\PackageCache\com.unity.xr.oculus@4.2.0\Runtime\OculusLoader.cs:283 
  at (wrapper managed-to-native) System.Reflection.RuntimeMethodInfo.InternalInvoke(System.Reflection.RuntimeMethodInfo,object,object[],System.Exception&)
  at System.Reflection.RuntimeMethodInfo.Invoke (System.Object obj, System.Reflection.BindingFlags invokeAttr, System.Reflection.Binder binder, System.Object[] parameters, System.Globalization.CultureInfo culture) [0x0006a] in <8ce0bd04a7a04b4b9395538239d3fdd8>:0 
   --- End of inner exception stack trace ---
  at System.Reflection.RuntimeMethodInfo.Invoke (System.Object obj, System.Reflection.BindingFlags invokeAttr, System.Reflection.Binder binder, System.Object[] parameters, System.Globalization.CultureInfo culture) [0x00083] in <8ce0bd04a7a04b4b9395538239d3fdd8>:0 
  at System.Reflection.MethodBase.Invoke (System.Object obj, System.Object[] parameters) [0x00000] in <8ce0bd04a7a04b4b9395538239d3fdd8>:0 
  at UnityEditor.EditorAssemblies.ProcessInitializeOnLoadMethodAttributes () [0x000a5] in <e0a2c8363ef54a6393fed120beebdb7a>:0 
UnityEngine.StackTraceUtility:ExtractStackTrace ()
UnityEngine.DebugLogHandler:LogFormat (UnityEngine.LogType,UnityEngine.Object,string,object[])
UnityEngine.Logger:Log (UnityEngine.LogType,object)
UnityEngine.Debug:LogError (object)
UnityEditor.EditorAssemblies:ProcessInitializeOnLoadMethodAttributes ()

Mono: successfully reloaded assembly
[Package Manager] Server::EnsureServerProcessIsRunning -- launch failed, reason: Unity was launched with the -noUpm command-line argument
[Package Manager] UpmClient::Send -- Unable to send message (not connected to UPM process).
[Package Manager] Cannot connect to Unity Package Manager local server
- Finished resetting the current domain, in  2.692 seconds
Domain Reload Profiling: 3960ms
	BeginReloadAssembly (450ms)
		ExecutionOrderSort (0ms)
		DisableScriptedObjects (16ms)
		BackupInstance (0ms)
		ReleaseScriptingObjects (0ms)
		CreateAndSetChildDomain (218ms)
	RebuildCommonClasses (24ms)
	RebuildNativeTypeToScriptingClass (7ms)
	initialDomainReloadingComplete (41ms)
	LoadAllAssembliesAndSetupDomain (746ms)
		LoadAssemblies (773ms)
		RebuildTransferFunctionScriptingTraits (0ms)
		AnalyzeDomain (70ms)
			TypeCache.Refresh (20ms)
				TypeCache.ScanAssembly (3ms)
			ScanForSourceGeneratedMonoScriptInfo (36ms)
			ResolveRequiredComponents (12ms)
	FinalizeReload (2692ms)
		ReleaseScriptCaches (0ms)
		RebuildScriptCaches (0ms)
		SetupLoadedEditorAssemblies (931ms)
			LogAssemblyErrors (0ms)
			InitializePlatformSupportModulesInManaged (10ms)
			SetLoadedEditorAssemblies (4ms)
			RefreshPlugins (0ms)
			BeforeProcessingInitializeOnLoad (143ms)
			ProcessInitializeOnLoadAttributes (678ms)
			ProcessInitializeOnLoadMethodAttributes (86ms)
			AfterProcessingInitializeOnLoad (10ms)
			EditorAssembliesLoaded (0ms)
		ExecutionOrderSort2 (0ms)
		AwakeInstancesAfterBackupRestoration (9ms)
Refreshing native plugins compatible for Editor in 25.72 ms, found 15 plugins.
Preloading 1 native plugins for Editor in 0.07 ms.
Unloading 6728 Unused Serialized files (Serialized files now loaded: 0)
Unloading 114 unused Assets / (373.0 KB). Loaded Objects now: 7308.
Memory consumption went from 263.1 MB to 262.7 MB.
Total: 5.547700 ms (FindLiveObjects: 0.311900 ms CreateObjectMapping: 0.122800 ms MarkObjects: 4.912000 ms  DeleteObjects: 0.199900 ms)

Prepare: number of updated asset objects reloaded= 0
AssetImportParameters requested are different than current active one (requested -> active):
  custom:scripting/monoscript/fileName/main.cs: e34e5a3b16af9f748090a162797e34da -> 
  custom:scripting/monoscript/fileName/TextureReference.cs: 5f884fa1995831bd124c06171a304971 -> 
  custom:scripting/monoscript/fileName/Callout.cs: da814e237f46ed3cebadcb77e0be50c5 -> 
  custom:scripting/monoscript/fileName/ModularRobotSimulationState.cs: 0d02f2de2a4d30d4bd0aa69ce515346e -> 
  custom:scripting/monoscript/fileName/BrainCpgInstance.cs: 6b155198871f57c73f264612d24bf5d0 -> 
  custom:scripting/monoscript/fileName/Joint.cs: 5d0e5a453e782fb5533ac3708b321696 -> 
  custom:container-demuxer-ogg: 62fdf1f143b41e24485cea50d1cbac27 -> 
  custom:scripting/monoscript/fileName/Selection.cs: ecb6483ecdfe7ceedb06487fbe691ecc -> 
  custom:scripting/monoscript/fileName/RecordSettings.cs: 6e6a171cc960d1fc4ccdca2a5d3c8cbd -> 
  custom:scripting/monoscript/fileName/StepManager.cs: 81c8d7259dd8b5466082e88f79b03778 -> 
  custom:scripting/monoscript/fileName/ActiveHingeSensorStateImpl.cs: e9bd24066ef5dd769032eabbbb59a56f -> 
  custom:scripting/monoscript/fileName/InitLobbyController.cs: c1e828dffa28e66a221292b2df4ccdab -> 
  custom:scripting/monoscript/fileName/BrainInstance.cs: 4b2fe73d8fdac60e2b7e61f87fdca569 -> 
  custom:scripting/monoscript/fileName/GenerationalSelection.cs: fb454336c7a67789ff74e82fe68d8e8e -> 
  custom:scripting/monoscript/fileName/AttachedSensors.cs: d7a89420c0b81801cb5f9b37e72e4af1 -> 
  custom:scripting/monoscript/fileName/BodyToMultiBodySystemConverter.cs: 184931e0017851df17758279ef5be7d5 -> 
  custom:scripting/monoscript/fileName/EvolveLobbyController.cs: 5bbe4976b1468b55b9d7d9f325186df3 -> 
  custom:framework-win-MediaFoundation: 216162199b28c13a410421893ffa2e32 -> 
  custom:scripting/monoscript/fileName/VideoPlayerRenderTexture.cs: 2d1b48845d49e82dd7fceba9103ef7f5 -> 
  custom:scripting/monoscript/fileName/CpgNetworkStructureNeighborGenerator.cs: 0a4b197052ac5f5b372836c19335d2d0 -> 
  custom:scripting/monoscript/fileName/ModularRobotScene.cs: 52455a499bb5b11d8aa67fff4b3bd116 -> 
  custom:scripting/monoscript/fileName/ModularRobotSimulationHandler.cs: 3dbae1b967dc837bd22597abf61aa9e1 -> 
  custom:scripting/monoscript/fileName/Sensor.cs: af6c554d861c60861f311a1be6687098 -> 419cc8c616c869ad06dd0244620146f3
  custom:scripting/monoscript/fileName/ModularRobot.cs: 59f560b402d7bb365e58e76b293eac4b -> 
  custom:scripting/monoscript/fileName/DatabaseManager.cs: 72d07aab85144ab26c0703f45b744ab5 -> 
  custom:scripting/monoscript/fileName/BatchParameters.cs: ffa4d5f2bc427325a3646cad0486368b -> 
  custom:scripting/monoscript/fileName/TerrainConverter.cs: e83a463360137a10f998766a6c5d524a -> 
  custom:scripting/monoscript/fileName/Geometry.cs: 9c26a2dc056c09b412a1371d40889b39 -> 
  custom:scripting/monoscript/fileName/Vector2Aux.cs: e224a35fcc7e04b5a9b70f73f8d2d3da -> 
  custom:scripting/monoscript/fileName/ActiveHingeSensor.cs: 1e53da3ac790dcb910dc8e13638d68ec -> 
  custom:scripting/monoscript/fileName/CameraSensorStateImpl.cs: de556a63bdc1913ea4904775169fb2c5 -> 
  custom:scripting/monoscript/fileName/ActiveHinge.cs: 9f277273ced20fe2417598b7f90ac4d4 -> 
  custom:scripting/monoscript/fileName/Core.cs: 00471cbd9e531b2b45139476c9dab36a -> 
  custom:scripting/monoscript/fileName/RightAngles.cs: 6b7a91b2018d066afcd2463e1932fe04 -> 
  custom:scripting/monoscript/fileName/JointFixed.cs: 7e570e503b193775cc667e5ff0c9c208 -> 
  custom:scripting/monoscript/fileName/LaunchProjectile.cs: 9bb7f8f28755f7e2281742dc2c5e6b96 -> 
  custom:scripting/monoscript/fileName/SimulationHandler.cs: fb33d60a3c7779210bdea04d8efab557 -> 
  custom:scripting/monoscript/fileName/Scene.cs: d460acbd982bb2f687a4e418e68e17d8 -> 
  custom:scripting/monoscript/fileName/ModularRobotSensorStateImpl.cs: 984b59419e8413a6cbc960c70fe0c8de -> 
  custom:container-muxer-webm: aa71ff27fc2769a1b78a27578f13a17b -> 
  custom:scripting/monoscript/fileName/Vector2.cs: e0bf4c703323a70dc589eb04bb035dbd -> 
  custom:scripting/monoscript/fileName/IMUSensorStateImpl.cs: 55b8f0629aaa9c108e35044a99068654 -> 
  custom:scripting/monoscript/fileName/CalloutGazeController.cs: c5a8266b32699a5d0284170657fdadc8 -> 
  custom:scripting/monoscript/fileName/CpgNetworkStructure.cs: 1d615bfbd9de0916440eb4a349cfaef8 -> 
  custom:video-decoder-webm-vp8: 9c59270c3fd7afecdb556c50c9e8de78 -> 
  custom:scripting/monoscript/fileName/ConfigManager.cs: 03a429f89a97516e7dd4e46516a00058 -> 
  custom:scripting/monoscript/fileName/TestMujoco.cs: 0a41f64cc0437354e81bac9139ec2176 -> 
  custom:scripting/monoscript/fileName/RayAttachModifier.cs: 0fedfa1ac7060b138a4b07c9c7634425 -> 
  custom:SearchIndexIgnoredProperties: e643bd26f0fe6173181afceb89e7c659 -> 
  custom:AudioImporter_EditorPlatform: d09bf68614088b80899f8185d706f6e7 -> 
  custom:scripting/monoscript/fileName/SimRunner.cs: 1a63cb286be715d37034e2a52c9021c8 -> 
  custom:scripting/monoscript/fileName/Individual.cs: 90647cc400823b41df847a6cbfc29026 -> 
  custom:scripting/monoscript/fileName/Parameters.cs: e17b64e6c564322a06d6b2218fd3835e -> 
  custom:scripting/monoscript/fileName/SelectParentsWristMenuController.cs: 2942500b982f89f9d11efa61bf5bc773 -> 
  custom:scripting/monoscript/fileName/SimulationState.cs: 86b42a79c758b840a3c0a9b32a9f73e7 -> 
  custom:scripting/monoscript/fileName/ISimulator.cs: 2b5cfdb27997ab2a97e59733b27549ee -> 
  custom:scripting/monoscript/fileName/CameraSensorBuilder.cs: 7596a754672d8874b57ff003d40102c4 -> 
  custom:scripting/monoscript/fileName/IMUSensorBuilder.cs: 9c3ff79eb4b93cdf5387dbf815f65505 -> 
  custom:scripting/monoscript/fileName/WristUIController.cs: 7c0f534e5decc89d29d517dc35067e1e -> 
  custom:scripting/monoscript/fileName/ISupportsLt.cs: 90647cc400823b41df847a6cbfc29026 -> 
  custom:scripting/monoscript/fileName/ModularRobotSensorState.cs: 5ab4dd6d2d2977656370d43c3bb977e7 -> 
  custom:scripting/monoscript/fileName/Pose.cs: 31c5c231544000392a1a4784155beba6 -> 
  custom:scripting/monoscript/fileName/GenericTypeHelper.cs: 3e12ef1e7981716043845027d887231f -> 
  custom:scripting/monoscript/fileName/RigidBody.cs: 1c1cfceb40067c00c1681cd309667a07 -> 
  custom:scripting/monoscript/fileName/GeometryBox.cs: 327608d2074ca9059913dbc731ef17b3 -> 
  custom:audio-decoder-ogg-vorbis: bf7c407c2cedff20999df2af8eb42d56 -> 
  custom:scripting/monoscript/fileName/AttachmentFaceBuilder.cs: 14c44fa5ca2849ab1faf7d2811d2b7d2 -> 
  custom:scripting/monoscript/fileName/BezierCurve.cs: 3aa1597be8d204365d1476b9711b3e18 -> 
  custom:scripting/monoscript/fileName/SliderManager.cs: 99e63196ab76039ff325259831eca709 -> 
  custom:scripting/monoscript/fileName/CoreV2.cs: a14f0669b25b8e7f191e73f290075401 -> 
  custom:scripting/monoscript/fileName/BrainDummyInstance.cs: 9ebca297b142ec932b7a7a20cb914d32 -> 
  custom:scripting/monoscript/fileName/TopNSelector.cs: 53b84d60f621580506500ad62af3d0a1 -> 
  custom:audio-encoder-webm-vorbis: bf7c407c2cedff20999df2af8eb42d56 -> 
  custom:scripting/monoscript/fileName/BatchParameterFactory.cs: 8e4e6593db5f182e1a47b19488b70389 -> 
  custom:scripting/monoscript/fileName/RandomNumberGenerator.cs: 1b1df1434c9772916f665a5b65836c78 -> 
  custom:scripting/monoscript/fileName/Rotator.cs: 1d2321ff2f7fb14b3359a89ff68efa12 -> 
  custom:scripting/monoscript/fileName/CameraSensorState.cs: 5ce81a38d1e114a8a50785aa7b7958e0 -> 
  custom:scripting/monoscript/fileName/ActiveHingeBuilder.cs: b65ee81bd5d10b5893ead0a936c39d07 -> 
  custom:scripting/monoscript/fileName/SceneLoader.cs: a557e69118f227405556989af985299e -> 
  custom:scripting/precompiled-assembly-types:Assembly-CSharp: a7877c370361c5de98a02065a73e700d -> 
  custom:scripting/monoscript/fileName/IOrientation.cs: d6c94ab76541472133d27d585330c98f -> 
  custom:scripting/monoscript/fileName/BodyV2.cs: 5a392b4011ec32a605dcbeecba4d1d98 -> 
  custom:scripting/monoscript/fileName/ActiveHingeV2.cs: 2bb76679794a99f275b8d6d4e269a2f8 -> 
  custom:scripting/monoscript/fileName/XRPokeFollowAffordanceFill.cs: d9ad23222cd696cd8de65c9c4fb013fc -> 
  custom:scripting/monoscript/fileName/SceneSimulationState.cs: 58ce05262bd5efdc3bb97b3f092f64cb -> 
  custom:scripting/monoscript/fileName/RobotTester.cs: 0bd8ac9e39ee29afd981a2c3df7d15a8 -> 
  custom:scripting/monoscript/fileName/BrainCpgNetworkNeighbor.cs: 01e19286b0f72861df8cc7f23b6b402f -> 
  custom:scripting/monoscript/fileName/ModularRobotControlInterfaceImpl.cs: fa69b8b086deb5133de7774d23667174 -> 
  custom:scripting/monoscript/fileName/TournamentSelection.cs: 88043622090b786e3e3df785663dd0e7 -> 
  custom:video-codec-MediaFoundation-h265: 746d11721c4dcdbdad8f713fa42b33f4 -> 
  custom:scripting/monoscript/fileName/SteadyStateSelection.cs: 2830be96d93349b64f53cdd7694ae5e5 -> 
  custom:video-decoder-ogg-theora: a1e56fd34408186e4bbccfd4996cb3dc -> 
  custom:scripting/monoscript/fileName/JointHinge.cs: c12a37552982cef381239ab477811eb0 -> 
  custom:scripting/monoscript/fileName/XRKnob.cs: 56b2efcaf1bbf4c8af4c0dda75b46bef -> 
  custom:scripting/monoscript/fileName/ConvertColor.cs: 0a93277d1da7a065d101243123241653 -> 
  custom:scripting/monoscript/fileName/Evaluator.cs: 90647cc400823b41df847a6cbfc29026 -> 
  custom:scripting/monoscript/fileName/AABB.cs: f8d62323c587d16350666fec0c110f87 -> 
  custom:scripting/monoscript/fileName/MultiBodySystem.cs: 88ccc5adce5f90107b8414701e9b1c5b -> 
  custom:scripting/monoscript/fileName/Color.cs: 5c5879dc686b70838e7a568b0c8e08b8 -> 
  custom:scripting/monoscript/fileName/Logging.cs: ce19b5c9b0765bfc95182fc294e797c6 -> dd3d661ffaebba62958d74f71aff62b2
  custom:scripting/monoscript/fileName/BooleanToggleVisualsController.cs: 5a084401468494437cd3ba6dac885b83 -> 
  custom:scripting/monoscript/fileName/MultiBodySystemToURDF.cs: e32bc6537003d34660eef7dd3ee2d3ed -> 
  custom:scripting/monoscript/fileName/ToBatch.cs: 34ffc8c61f0bbbd89e065d712b7de959 -> 
  custom:scripting/monoscript/fileName/IModularRobotControlInterface.cs: ec4c1457263bb9a5a38dd937f3ad692f -> 
  custom:scripting/monoscript/fileName/BrickV2.cs: c6ad5b8fce8967757c2e29c6f9c2e147 -> 
  custom:scripting/monoscript/fileName/ImuSensor.cs: 375e5c27f092b7596f60da9f83f41de2 -> 
  custom:scripting/monoscript/fileName/IViewer.cs: 821f3ef76cb64a9b0db11adba0018981 -> 
  custom:CustomObjectIndexerAttribute: 72b91833f83ae208fae7752999fa3104 -> 
  custom:scripting/monoscript/fileName/Selector.cs: 90647cc400823b41df847a6cbfc29026 -> 
  custom:scripting/monoscript/fileName/IMUSensorState.cs: 3f85aa938a59306998bcfe5c04f1d87b -> 
  custom:scripting/monoscript/fileName/Population.cs: 90647cc400823b41df847a6cbfc29026 -> 
  custom:container-demuxer-webm: 4f35f7cbe854078d1ac9338744f61a02 -> 
  custom:scripting/monoscript/fileName/Terrain.cs: 13392ad58f2075f18f2f21b17b47733c -> 
  custom:scripting/monoscript/fileName/UnbuiltChild.cs: 9c26d3b61eec7a364b4d00205843db8a -> 
  custom:scripting/monoscript/fileName/Brain.cs: 7dfff115b92ecd53dacf1de32b6c8e12 -> 
  custom:scripting/monoscript/fileName/BrainDummy.cs: 1178fb966ca01e0bd2d54055f814f6ba -> 
  custom:scripting/monoscript/fileName/BuilderFactory.cs: f9ffe71170291b776de2c4631e53b6c5 -> 
  custom:scripting/monoscript/fileName/ControlInterface.cs: a2b08d6b7fdd6a54f5a932da900064a1 -> 
  custom:scripting/monoscript/fileName/TerrainFactory.cs: 9ae3c2c16cba820a7aaf92a92351dc20 -> 
  custom:scripting/monoscript/fileName/Evolution.cs: 90647cc400823b41df847a6cbfc29026 -> 
  custom:scripting/monoscript/fileName/ParetoFrontier.cs: ba728f7b06c353d9bb97a589b34413cc -> 
  custom:scripting/monoscript/fileName/DestroyObject.cs: ade29349972a42112f53f04b8aada8ec -> 
  custom:scripting/monoscript/fileName/GeometryHeightmap.cs: e61a2ac9ee8a53c27febd05279b24510 -> 
  custom:scripting/monoscript/fileName/AnchorVisuals.cs: c4d663c5eff83bd1b3bf3d1ecd00ef02 -> 
  custom:scripting/monoscript/fileName/AttachmentFaceCoreV2.cs: 529827bbf85fb59635d7fedbf617961f -> 
  custom:scripting/monoscript/fileName/BrainCpgNetworkNeighborRandom.cs: 4a64c04cff12498d3462412d3e1e041f -> 
  custom:scripting/monoscript/fileName/SceneSimulator.cs: cf2ba548bfd61a3ad87cc06db41ef9ef -> 
  custom:scripting/monoscript/fileName/ActiveHingeSensorState.cs: 619973e0837f6feff5195d37afdacd55 -> 
  custom:scripting/monoscript/fileName/Builder.cs: c51c418c4a9bedc36d5ef9270c88f6c0 -> 
  custom:scripting/monoscript/fileName/BodyToMultiBodySystemMapping.cs: 68fc3f21f5e9803bc1f86dc678be5f55 -> 
  custom:scripting/monoscript/fileName/VideoTimeScrubControl.cs: 307e13518ec9b7e61345cbe4ae469169 -> 
  custom:scripting/monoscript/fileName/RobotInfo.cs: 69c25a9a00881d32ba99b9a86cd4d274 -> 
  custom:scripting/monoscript/fileName/AttachmentPoint.cs: 5297eb25d2ba99db2efeb702003bfbc6 -> 
  custom:scripting/monoscript/fileName/Brick.cs: da515023b0809a18432c880a47cb30eb -> 
  custom:scripting/monoscript/fileName/Sorting.cs: 0994865dfebe54be6a7dccef293ff344 -> 
  custom:scripting/monoscript/fileName/Body.cs: 1e637ce0e25b4b0db97b05b5e069331a -> 
  custom:scripting/monoscript/fileName/AttachmentFace.cs: c075946a6935e85106bc251924a5f1dc -> 
  custom:scripting/monoscript/fileName/CameraSensor.cs: b9d29726a3489d0e26086b7f51571412 -> 
  custom:scripting/monoscript/fileName/ArenaController.cs: ca5ed0c518d2632be331c22e331d830c -> 
  custom:scripting/monoscript/fileName/BrickBuilder.cs: d73195b07f330716e343e25bb3cb9fab -> 
  custom:scripting/monoscript/fileName/Reproducer.cs: 90647cc400823b41df847a6cbfc29026 -> 
  custom:video-encoder-webm-vp8: eb34c28f22e8b96e1ab97ce403110664 -> 
  custom:scripting/monoscript/fileName/UUIDKey.cs: e5f219c8d83b6dd3c852f99bcc98e682 -> 
  custom:scripting/monoscript/fileName/ActiveHingeSensorBuilder.cs: ff7f83ff8231f96052d1a6e47fab3373 -> 
  custom:scripting/monoscript/fileName/Generation.cs: 90647cc400823b41df847a6cbfc29026 -> 
  custom:scripting/monoscript/fileName/GeometrySphere.cs: 1806c8a291f76aee4dc11fbe6a69ae89 -> 
  custom:scripting/monoscript/fileName/GeometryPlane.cs: 24ce2609dc5aab7a9fd1429b0bc61e00 -> 
  custom:scripting/monoscript/fileName/Batch.cs: 8579956f659d5fab54657e03de20e8f8 -> 
  custom:scripting/monoscript/fileName/ConvertTerrain.cs: c41043c6a5bde531a2de6593204d88c4 -> 
  custom:scripting/monoscript/fileName/IMUSensor.cs: 5501d79301a407f19749186bb9d9c6cd -> 
  custom:scripting/monoscript/fileName/Module.cs: 3c2318bb391a123a2c682006a3c2a6b8 -> 9cffc223e3cf6968fcbc7ffa33b894e5
  custom:scripting/monoscript/fileName/Texture.cs: d6cb0eeba74a7690764407c61cd3f52d -> 
  custom:scripting/monoscript/fileName/CoreBuilder.cs: 8941e1981d7f5281cd76e79183e24f78 -> 
  custom:scripting/monoscript/fileName/BrainCpgNetworkStatic.cs: d7f525f0ad18646d5b37671422894d7e -> 
  custom:scripting/monoscript/fileName/Learner.cs: 90647cc400823b41df847a6cbfc29026 -> 
========================================================================
Received Prepare
Caller must complete domain reload
Begin MonoManager ReloadAssembly
- Loaded All Assemblies, in  2.171 seconds
Native extension for WindowsStandalone target not found
Native extension for WebGL target not found
[Package Manager] Server::EnsureServerProcessIsRunning -- launch failed, reason: Unity was launched with the -noUpm command-line argument
[Package Manager] UpmClient::Send -- Unable to send message (not connected to UPM process).
[Package Manager] Cannot connect to Unity Package Manager local server
[Package Manager] Server::EnsureServerProcessIsRunning -- launch failed, reason: Unity was launched with the -noUpm command-line argument
[Package Manager] UpmClient::Send -- Unable to send message (not connected to UPM process).
[Package Manager] Cannot connect to Unity Package Manager local server
System.NullReferenceException: Object reference not set to an instance of an object
  at UnityEngine.XR.Interaction.Toolkit.Samples.StarterAssets.RenderPipelineValidation..cctor () [0x00010] in E:\Jalon\ECVR\Assets\Samples\XR Interaction Toolkit\3.0.3\Starter Assets\Scripts\MaterialPipelineHandler.cs:16 
UnityEngine.StackTraceUtility:ExtractStackTrace ()
UnityEngine.DebugLogHandler:LogFormat (UnityEngine.LogType,UnityEngine.Object,string,object[])
UnityEngine.Logger:Log (UnityEngine.LogType,object)
UnityEngine.Debug:LogError (object)
UnityEditor.EditorAssemblies:ProcessInitializeOnLoadAttributes (System.Type[])

System.Reflection.TargetInvocationException: Exception has been thrown by the target of an invocation. ---> System.NullReferenceException: Object reference not set to an instance of an object
  at Unity.XR.Oculus.OculusLoader.AssetPathToAbsolutePath (System.String assetPath) [0x00041] in .\Library\PackageCache\com.unity.xr.oculus@4.2.0\Runtime\OculusLoader.cs:298 
  at Unity.XR.Oculus.OculusLoader.EditorLoadOVRPlugin () [0x000dd] in .\Library\PackageCache\com.unity.xr.oculus@4.2.0\Runtime\OculusLoader.cs:283 
  at (wrapper managed-to-native) System.Reflection.RuntimeMethodInfo.InternalInvoke(System.Reflection.RuntimeMethodInfo,object,object[],System.Exception&)
  at System.Reflection.RuntimeMethodInfo.Invoke (System.Object obj, System.Reflection.BindingFlags invokeAttr, System.Reflection.Binder binder, System.Object[] parameters, System.Globalization.CultureInfo culture) [0x0006a] in <8ce0bd04a7a04b4b9395538239d3fdd8>:0 
   --- End of inner exception stack trace ---
  at System.Reflection.RuntimeMethodInfo.Invoke (System.Object obj, System.Reflection.BindingFlags invokeAttr, System.Reflection.Binder binder, System.Object[] parameters, System.Globalization.CultureInfo culture) [0x00083] in <8ce0bd04a7a04b4b9395538239d3fdd8>:0 
  at System.Reflection.MethodBase.Invoke (System.Object obj, System.Object[] parameters) [0x00000] in <8ce0bd04a7a04b4b9395538239d3fdd8>:0 
  at UnityEditor.EditorAssemblies.ProcessInitializeOnLoadMethodAttributes () [0x000a5] in <e0a2c8363ef54a6393fed120beebdb7a>:0 
UnityEngine.StackTraceUtility:ExtractStackTrace ()
UnityEngine.DebugLogHandler:LogFormat (UnityEngine.LogType,UnityEngine.Object,string,object[])
UnityEngine.Logger:Log (UnityEngine.LogType,object)
UnityEngine.Debug:LogError (object)
UnityEditor.EditorAssemblies:ProcessInitializeOnLoadMethodAttributes ()

Mono: successfully reloaded assembly
[Package Manager] Server::EnsureServerProcessIsRunning -- launch failed, reason: Unity was launched with the -noUpm command-line argument
[Package Manager] UpmClient::Send -- Unable to send message (not connected to UPM process).
[Package Manager] Cannot connect to Unity Package Manager local server
- Finished resetting the current domain, in  3.650 seconds
Domain Reload Profiling: 5800ms
	BeginReloadAssembly (461ms)
		ExecutionOrderSort (0ms)
		DisableScriptedObjects (19ms)
		BackupInstance (0ms)
		ReleaseScriptingObjects (0ms)
		CreateAndSetChildDomain (169ms)
	RebuildCommonClasses (44ms)
	RebuildNativeTypeToScriptingClass (14ms)
	initialDomainReloadingComplete (87ms)
	LoadAllAssembliesAndSetupDomain (1543ms)
		LoadAssemblies (1601ms)
		RebuildTransferFunctionScriptingTraits (0ms)
		AnalyzeDomain (96ms)
			TypeCache.Refresh (27ms)
				TypeCache.ScanAssembly (4ms)
			ScanForSourceGeneratedMonoScriptInfo (48ms)
			ResolveRequiredComponents (20ms)
	FinalizeReload (3651ms)
		ReleaseScriptCaches (0ms)
		RebuildScriptCaches (0ms)
		SetupLoadedEditorAssemblies (1541ms)
			LogAssemblyErrors (0ms)
			InitializePlatformSupportModulesInManaged (19ms)
			SetLoadedEditorAssemblies (7ms)
			RefreshPlugins (0ms)
			BeforeProcessingInitializeOnLoad (230ms)
			ProcessInitializeOnLoadAttributes (1100ms)
			ProcessInitializeOnLoadMethodAttributes (162ms)
			AfterProcessingInitializeOnLoad (22ms)
			EditorAssembliesLoaded (1ms)
		ExecutionOrderSort2 (0ms)
		AwakeInstancesAfterBackupRestoration (17ms)
Refreshing native plugins compatible for Editor in 59.57 ms, found 15 plugins.
Preloading 1 native plugins for Editor in 0.14 ms.
Unloading 6728 Unused Serialized files (Serialized files now loaded: 0)
Unloading 114 unused Assets / (373.4 KB). Loaded Objects now: 7313.
Memory consumption went from 240.3 MB to 239.9 MB.
Total: 6.487100 ms (FindLiveObjects: 0.508500 ms CreateObjectMapping: 0.200500 ms MarkObjects: 5.531200 ms  DeleteObjects: 0.245500 ms)

Prepare: number of updated asset objects reloaded= 59
AssetImportParameters requested are different than current active one (requested -> active):
  custom:scripting/monoscript/fileName/main.cs: e34e5a3b16af9f748090a162797e34da -> 
  custom:scripting/monoscript/fileName/TextureReference.cs: 5f884fa1995831bd124c06171a304971 -> 
  custom:scripting/monoscript/fileName/Callout.cs: da814e237f46ed3cebadcb77e0be50c5 -> 
  custom:scripting/monoscript/fileName/ModularRobotSimulationState.cs: 0d02f2de2a4d30d4bd0aa69ce515346e -> 
  custom:scripting/monoscript/fileName/BrainCpgInstance.cs: 6b155198871f57c73f264612d24bf5d0 -> 
  custom:scripting/monoscript/fileName/Joint.cs: 5d0e5a453e782fb5533ac3708b321696 -> 
  custom:container-demuxer-ogg: 62fdf1f143b41e24485cea50d1cbac27 -> 
  custom:scripting/monoscript/fileName/Selection.cs: ecb6483ecdfe7ceedb06487fbe691ecc -> 
  custom:scripting/monoscript/fileName/RecordSettings.cs: 6e6a171cc960d1fc4ccdca2a5d3c8cbd -> 
  custom:scripting/monoscript/fileName/StepManager.cs: 81c8d7259dd8b5466082e88f79b03778 -> 
  custom:scripting/monoscript/fileName/ActiveHingeSensorStateImpl.cs: e9bd24066ef5dd769032eabbbb59a56f -> 
  custom:scripting/monoscript/fileName/InitLobbyController.cs: c1e828dffa28e66a221292b2df4ccdab -> 
  custom:scripting/monoscript/fileName/BrainInstance.cs: 4b2fe73d8fdac60e2b7e61f87fdca569 -> 
  custom:scripting/monoscript/fileName/GenerationalSelection.cs: fb454336c7a67789ff74e82fe68d8e8e -> 
  custom:scripting/monoscript/fileName/AttachedSensors.cs: d7a89420c0b81801cb5f9b37e72e4af1 -> 
  custom:scripting/monoscript/fileName/BodyToMultiBodySystemConverter.cs: 184931e0017851df17758279ef5be7d5 -> 
  custom:scripting/monoscript/fileName/EvolveLobbyController.cs: 5bbe4976b1468b55b9d7d9f325186df3 -> 
  custom:framework-win-MediaFoundation: 216162199b28c13a410421893ffa2e32 -> 
  custom:scripting/monoscript/fileName/VideoPlayerRenderTexture.cs: 2d1b48845d49e82dd7fceba9103ef7f5 -> 
  custom:scripting/monoscript/fileName/CpgNetworkStructureNeighborGenerator.cs: 0a4b197052ac5f5b372836c19335d2d0 -> 
  custom:scripting/monoscript/fileName/ModularRobotScene.cs: 52455a499bb5b11d8aa67fff4b3bd116 -> 
  custom:scripting/monoscript/fileName/ModularRobotSimulationHandler.cs: 3dbae1b967dc837bd22597abf61aa9e1 -> 
  custom:scripting/monoscript/fileName/Sensor.cs: af6c554d861c60861f311a1be6687098 -> 419cc8c616c869ad06dd0244620146f3
  custom:scripting/monoscript/fileName/ModularRobot.cs: 59f560b402d7bb365e58e76b293eac4b -> 
  custom:scripting/monoscript/fileName/DatabaseManager.cs: 72d07aab85144ab26c0703f45b744ab5 -> 
  custom:scripting/monoscript/fileName/BatchParameters.cs: ffa4d5f2bc427325a3646cad0486368b -> 
  custom:scripting/monoscript/fileName/TerrainConverter.cs: e83a463360137a10f998766a6c5d524a -> 
  custom:scripting/monoscript/fileName/Geometry.cs: 9c26a2dc056c09b412a1371d40889b39 -> 
  custom:scripting/monoscript/fileName/Vector2Aux.cs: e224a35fcc7e04b5a9b70f73f8d2d3da -> 
  custom:scripting/monoscript/fileName/ActiveHingeSensor.cs: 1e53da3ac790dcb910dc8e13638d68ec -> 
  custom:scripting/monoscript/fileName/CameraSensorStateImpl.cs: de556a63bdc1913ea4904775169fb2c5 -> 
  custom:scripting/monoscript/fileName/ActiveHinge.cs: 9f277273ced20fe2417598b7f90ac4d4 -> 
  custom:scripting/monoscript/fileName/Core.cs: 00471cbd9e531b2b45139476c9dab36a -> 
  custom:scripting/monoscript/fileName/RightAngles.cs: 6b7a91b2018d066afcd2463e1932fe04 -> 
  custom:scripting/monoscript/fileName/JointFixed.cs: 7e570e503b193775cc667e5ff0c9c208 -> 
  custom:scripting/monoscript/fileName/LaunchProjectile.cs: 9bb7f8f28755f7e2281742dc2c5e6b96 -> 
  custom:scripting/monoscript/fileName/SimulationHandler.cs: fb33d60a3c7779210bdea04d8efab557 -> 
  custom:scripting/monoscript/fileName/Scene.cs: d460acbd982bb2f687a4e418e68e17d8 -> 
  custom:scripting/monoscript/fileName/ModularRobotSensorStateImpl.cs: 984b59419e8413a6cbc960c70fe0c8de -> 
  custom:container-muxer-webm: aa71ff27fc2769a1b78a27578f13a17b -> 
  custom:scripting/monoscript/fileName/Vector2.cs: e0bf4c703323a70dc589eb04bb035dbd -> 
  custom:scripting/monoscript/fileName/IMUSensorStateImpl.cs: 55b8f0629aaa9c108e35044a99068654 -> 
  custom:scripting/monoscript/fileName/CalloutGazeController.cs: c5a8266b32699a5d0284170657fdadc8 -> 
  custom:scripting/monoscript/fileName/CpgNetworkStructure.cs: 1d615bfbd9de0916440eb4a349cfaef8 -> 
  custom:video-decoder-webm-vp8: 9c59270c3fd7afecdb556c50c9e8de78 -> 
  custom:scripting/monoscript/fileName/ConfigManager.cs: 03a429f89a97516e7dd4e46516a00058 -> 
  custom:scripting/monoscript/fileName/TestMujoco.cs: 0a41f64cc0437354e81bac9139ec2176 -> 
  custom:scripting/monoscript/fileName/RayAttachModifier.cs: 0fedfa1ac7060b138a4b07c9c7634425 -> 
  custom:SearchIndexIgnoredProperties: e643bd26f0fe6173181afceb89e7c659 -> 
  custom:AudioImporter_EditorPlatform: d09bf68614088b80899f8185d706f6e7 -> 
  custom:scripting/monoscript/fileName/SimRunner.cs: 1a63cb286be715d37034e2a52c9021c8 -> 
  custom:scripting/monoscript/fileName/Individual.cs: 90647cc400823b41df847a6cbfc29026 -> 
  custom:scripting/monoscript/fileName/Parameters.cs: e17b64e6c564322a06d6b2218fd3835e -> 
  custom:scripting/monoscript/fileName/SelectParentsWristMenuController.cs: 2942500b982f89f9d11efa61bf5bc773 -> 
  custom:scripting/monoscript/fileName/SimulationState.cs: 86b42a79c758b840a3c0a9b32a9f73e7 -> 
  custom:scripting/monoscript/fileName/ISimulator.cs: 2b5cfdb27997ab2a97e59733b27549ee -> 
  custom:scripting/monoscript/fileName/CameraSensorBuilder.cs: 7596a754672d8874b57ff003d40102c4 -> 
  custom:scripting/monoscript/fileName/IMUSensorBuilder.cs: 9c3ff79eb4b93cdf5387dbf815f65505 -> 
  custom:scripting/monoscript/fileName/WristUIController.cs: 7c0f534e5decc89d29d517dc35067e1e -> 
  custom:scripting/monoscript/fileName/ISupportsLt.cs: 90647cc400823b41df847a6cbfc29026 -> 
  custom:scripting/monoscript/fileName/ModularRobotSensorState.cs: 5ab4dd6d2d2977656370d43c3bb977e7 -> 
  custom:scripting/monoscript/fileName/Pose.cs: 31c5c231544000392a1a4784155beba6 -> 
  custom:scripting/monoscript/fileName/GenericTypeHelper.cs: 3e12ef1e7981716043845027d887231f -> 
  custom:scripting/monoscript/fileName/RigidBody.cs: 1c1cfceb40067c00c1681cd309667a07 -> 
  custom:scripting/monoscript/fileName/GeometryBox.cs: 327608d2074ca9059913dbc731ef17b3 -> 
  custom:audio-decoder-ogg-vorbis: bf7c407c2cedff20999df2af8eb42d56 -> 
  custom:scripting/monoscript/fileName/AttachmentFaceBuilder.cs: 14c44fa5ca2849ab1faf7d2811d2b7d2 -> 
  custom:scripting/monoscript/fileName/BezierCurve.cs: 3aa1597be8d204365d1476b9711b3e18 -> 
  custom:scripting/monoscript/fileName/SliderManager.cs: 99e63196ab76039ff325259831eca709 -> 
  custom:scripting/monoscript/fileName/CoreV2.cs: a14f0669b25b8e7f191e73f290075401 -> 
  custom:scripting/monoscript/fileName/BrainDummyInstance.cs: 9ebca297b142ec932b7a7a20cb914d32 -> 
  custom:scripting/monoscript/fileName/TopNSelector.cs: 53b84d60f621580506500ad62af3d0a1 -> 
  custom:audio-encoder-webm-vorbis: bf7c407c2cedff20999df2af8eb42d56 -> 
  custom:scripting/monoscript/fileName/BatchParameterFactory.cs: 8e4e6593db5f182e1a47b19488b70389 -> 
  custom:scripting/monoscript/fileName/RandomNumberGenerator.cs: 1b1df1434c9772916f665a5b65836c78 -> 
  custom:scripting/monoscript/fileName/Rotator.cs: 1d2321ff2f7fb14b3359a89ff68efa12 -> 
  custom:scripting/monoscript/fileName/CameraSensorState.cs: 5ce81a38d1e114a8a50785aa7b7958e0 -> 
  custom:scripting/monoscript/fileName/ActiveHingeBuilder.cs: b65ee81bd5d10b5893ead0a936c39d07 -> 
  custom:scripting/monoscript/fileName/SceneLoader.cs: a557e69118f227405556989af985299e -> 
  custom:scripting/precompiled-assembly-types:Assembly-CSharp: a7877c370361c5de98a02065a73e700d -> 
  custom:scripting/monoscript/fileName/IOrientation.cs: d6c94ab76541472133d27d585330c98f -> 
  custom:scripting/monoscript/fileName/BodyV2.cs: 5a392b4011ec32a605dcbeecba4d1d98 -> 
  custom:scripting/monoscript/fileName/ActiveHingeV2.cs: 2bb76679794a99f275b8d6d4e269a2f8 -> 
  custom:scripting/monoscript/fileName/XRPokeFollowAffordanceFill.cs: d9ad23222cd696cd8de65c9c4fb013fc -> 
  custom:scripting/monoscript/fileName/SceneSimulationState.cs: 58ce05262bd5efdc3bb97b3f092f64cb -> 
  custom:scripting/monoscript/fileName/RobotTester.cs: 0bd8ac9e39ee29afd981a2c3df7d15a8 -> 
  custom:scripting/monoscript/fileName/BrainCpgNetworkNeighbor.cs: 01e19286b0f72861df8cc7f23b6b402f -> 
  custom:scripting/monoscript/fileName/ModularRobotControlInterfaceImpl.cs: fa69b8b086deb5133de7774d23667174 -> 
  custom:scripting/monoscript/fileName/TournamentSelection.cs: 88043622090b786e3e3df785663dd0e7 -> 
  custom:video-codec-MediaFoundation-h265: 746d11721c4dcdbdad8f713fa42b33f4 -> 
  custom:scripting/monoscript/fileName/SteadyStateSelection.cs: 2830be96d93349b64f53cdd7694ae5e5 -> 
  custom:video-decoder-ogg-theora: a1e56fd34408186e4bbccfd4996cb3dc -> 
  custom:scripting/monoscript/fileName/JointHinge.cs: c12a37552982cef381239ab477811eb0 -> 
  custom:scripting/monoscript/fileName/XRKnob.cs: 56b2efcaf1bbf4c8af4c0dda75b46bef -> 
  custom:scripting/monoscript/fileName/ConvertColor.cs: 0a93277d1da7a065d101243123241653 -> 
  custom:scripting/monoscript/fileName/Evaluator.cs: 90647cc400823b41df847a6cbfc29026 -> 
  custom:scripting/monoscript/fileName/AABB.cs: f8d62323c587d16350666fec0c110f87 -> 
  custom:scripting/monoscript/fileName/MultiBodySystem.cs: 88ccc5adce5f90107b8414701e9b1c5b -> 
  custom:scripting/monoscript/fileName/Color.cs: 5c5879dc686b70838e7a568b0c8e08b8 -> 
  custom:scripting/monoscript/fileName/Logging.cs: ce19b5c9b0765bfc95182fc294e797c6 -> dd3d661ffaebba62958d74f71aff62b2
  custom:scripting/monoscript/fileName/BooleanToggleVisualsController.cs: 5a084401468494437cd3ba6dac885b83 -> 
  custom:scripting/monoscript/fileName/MultiBodySystemToURDF.cs: e32bc6537003d34660eef7dd3ee2d3ed -> 
  custom:scripting/monoscript/fileName/ToBatch.cs: 34ffc8c61f0bbbd89e065d712b7de959 -> 
  custom:scripting/monoscript/fileName/IModularRobotControlInterface.cs: ec4c1457263bb9a5a38dd937f3ad692f -> 
  custom:scripting/monoscript/fileName/BrickV2.cs: c6ad5b8fce8967757c2e29c6f9c2e147 -> 
  custom:scripting/monoscript/fileName/ImuSensor.cs: 375e5c27f092b7596f60da9f83f41de2 -> 
  custom:scripting/monoscript/fileName/IViewer.cs: 821f3ef76cb64a9b0db11adba0018981 -> 
  custom:CustomObjectIndexerAttribute: 72b91833f83ae208fae7752999fa3104 -> 
  custom:scripting/monoscript/fileName/Selector.cs: 90647cc400823b41df847a6cbfc29026 -> 
  custom:scripting/monoscript/fileName/IMUSensorState.cs: 3f85aa938a59306998bcfe5c04f1d87b -> 
  custom:scripting/monoscript/fileName/Population.cs: 90647cc400823b41df847a6cbfc29026 -> 
  custom:container-demuxer-webm: 4f35f7cbe854078d1ac9338744f61a02 -> 
  custom:scripting/monoscript/fileName/Terrain.cs: 13392ad58f2075f18f2f21b17b47733c -> 
  custom:scripting/monoscript/fileName/UnbuiltChild.cs: 9c26d3b61eec7a364b4d00205843db8a -> 
  custom:scripting/monoscript/fileName/Brain.cs: 7dfff115b92ecd53dacf1de32b6c8e12 -> 
  custom:scripting/monoscript/fileName/BrainDummy.cs: 1178fb966ca01e0bd2d54055f814f6ba -> 
  custom:scripting/monoscript/fileName/BuilderFactory.cs: f9ffe71170291b776de2c4631e53b6c5 -> 
  custom:scripting/monoscript/fileName/ControlInterface.cs: a2b08d6b7fdd6a54f5a932da900064a1 -> 
  custom:scripting/monoscript/fileName/TerrainFactory.cs: 9ae3c2c16cba820a7aaf92a92351dc20 -> 
  custom:scripting/monoscript/fileName/Evolution.cs: 90647cc400823b41df847a6cbfc29026 -> 
  custom:scripting/monoscript/fileName/ParetoFrontier.cs: ba728f7b06c353d9bb97a589b34413cc -> 
  custom:scripting/monoscript/fileName/DestroyObject.cs: ade29349972a42112f53f04b8aada8ec -> 
  custom:scripting/monoscript/fileName/GeometryHeightmap.cs: e61a2ac9ee8a53c27febd05279b24510 -> 
  custom:scripting/monoscript/fileName/AnchorVisuals.cs: c4d663c5eff83bd1b3bf3d1ecd00ef02 -> 
  custom:scripting/monoscript/fileName/AttachmentFaceCoreV2.cs: 529827bbf85fb59635d7fedbf617961f -> 
  custom:scripting/monoscript/fileName/BrainCpgNetworkNeighborRandom.cs: 4a64c04cff12498d3462412d3e1e041f -> 
  custom:scripting/monoscript/fileName/SceneSimulator.cs: cf2ba548bfd61a3ad87cc06db41ef9ef -> 
  custom:scripting/monoscript/fileName/ActiveHingeSensorState.cs: 619973e0837f6feff5195d37afdacd55 -> 
  custom:scripting/monoscript/fileName/Builder.cs: c51c418c4a9bedc36d5ef9270c88f6c0 -> 
  custom:scripting/monoscript/fileName/BodyToMultiBodySystemMapping.cs: 68fc3f21f5e9803bc1f86dc678be5f55 -> 
  custom:scripting/monoscript/fileName/VideoTimeScrubControl.cs: 307e13518ec9b7e61345cbe4ae469169 -> 
  custom:scripting/monoscript/fileName/RobotInfo.cs: 69c25a9a00881d32ba99b9a86cd4d274 -> 
  custom:scripting/monoscript/fileName/AttachmentPoint.cs: 5297eb25d2ba99db2efeb702003bfbc6 -> 
  custom:scripting/monoscript/fileName/Brick.cs: da515023b0809a18432c880a47cb30eb -> 
  custom:scripting/monoscript/fileName/Sorting.cs: 0994865dfebe54be6a7dccef293ff344 -> 
  custom:scripting/monoscript/fileName/Body.cs: 1e637ce0e25b4b0db97b05b5e069331a -> 
  custom:scripting/monoscript/fileName/AttachmentFace.cs: c075946a6935e85106bc251924a5f1dc -> 
  custom:scripting/monoscript/fileName/CameraSensor.cs: b9d29726a3489d0e26086b7f51571412 -> 
  custom:scripting/monoscript/fileName/ArenaController.cs: ca5ed0c518d2632be331c22e331d830c -> 
  custom:scripting/monoscript/fileName/BrickBuilder.cs: d73195b07f330716e343e25bb3cb9fab -> 
  custom:scripting/monoscript/fileName/Reproducer.cs: 90647cc400823b41df847a6cbfc29026 -> 
  custom:video-encoder-webm-vp8: eb34c28f22e8b96e1ab97ce403110664 -> 
  custom:scripting/monoscript/fileName/UUIDKey.cs: e5f219c8d83b6dd3c852f99bcc98e682 -> 
  custom:scripting/monoscript/fileName/ActiveHingeSensorBuilder.cs: ff7f83ff8231f96052d1a6e47fab3373 -> 
  custom:scripting/monoscript/fileName/Generation.cs: 90647cc400823b41df847a6cbfc29026 -> 
  custom:scripting/monoscript/fileName/GeometrySphere.cs: 1806c8a291f76aee4dc11fbe6a69ae89 -> 
  custom:scripting/monoscript/fileName/GeometryPlane.cs: 24ce2609dc5aab7a9fd1429b0bc61e00 -> 
  custom:scripting/monoscript/fileName/Batch.cs: 8579956f659d5fab54657e03de20e8f8 -> 
  custom:scripting/monoscript/fileName/ConvertTerrain.cs: c41043c6a5bde531a2de6593204d88c4 -> 
  custom:scripting/monoscript/fileName/IMUSensor.cs: 5501d79301a407f19749186bb9d9c6cd -> 
  custom:scripting/monoscript/fileName/Module.cs: 3c2318bb391a123a2c682006a3c2a6b8 -> 9cffc223e3cf6968fcbc7ffa33b894e5
  custom:scripting/monoscript/fileName/Texture.cs: d6cb0eeba74a7690764407c61cd3f52d -> 
  custom:scripting/monoscript/fileName/CoreBuilder.cs: 8941e1981d7f5281cd76e79183e24f78 -> 
  custom:scripting/monoscript/fileName/BrainCpgNetworkStatic.cs: d7f525f0ad18646d5b37671422894d7e -> 
  custom:scripting/monoscript/fileName/Learner.cs: 90647cc400823b41df847a6cbfc29026 -> 
